<?xml version="1.0" encoding="UTF-8"?>
<testsuite name="co.com.meli.mutants.MutantsApplicationTests" tests="1" skipped="0" failures="0" errors="0" timestamp="2022-06-16T07:33:06" hostname="SERGIOPC" time="0.299">
  <properties/>
  <testcase name="contextLoads()" classname="co.com.meli.mutants.MutantsApplicationTests" time="0.299"/>
  <system-out><![CDATA[02:33:04.556 [Test worker] DEBUG org.springframework.test.context.BootstrapUtils - Instantiating CacheAwareContextLoaderDelegate from class [org.springframework.test.context.cache.DefaultCacheAwareContextLoaderDelegate]
02:33:04.563 [Test worker] DEBUG org.springframework.test.context.BootstrapUtils - Instantiating BootstrapContext using constructor [public org.springframework.test.context.support.DefaultBootstrapContext(java.lang.Class,org.springframework.test.context.CacheAwareContextLoaderDelegate)]
02:33:04.589 [Test worker] DEBUG org.springframework.test.context.BootstrapUtils - Instantiating TestContextBootstrapper for test class [co.com.meli.mutants.MutantsApplicationTests] from class [org.springframework.boot.test.context.SpringBootTestContextBootstrapper]
02:33:04.597 [Test worker] INFO org.springframework.boot.test.context.SpringBootTestContextBootstrapper - Neither @ContextConfiguration nor @ContextHierarchy found for test class [co.com.meli.mutants.MutantsApplicationTests], using SpringBootContextLoader
02:33:04.599 [Test worker] DEBUG org.springframework.test.context.support.AbstractContextLoader - Did not detect default resource location for test class [co.com.meli.mutants.MutantsApplicationTests]: class path resource [co/com/meli/mutants/MutantsApplicationTests-context.xml] does not exist
02:33:04.600 [Test worker] DEBUG org.springframework.test.context.support.AbstractContextLoader - Did not detect default resource location for test class [co.com.meli.mutants.MutantsApplicationTests]: class path resource [co/com/meli/mutants/MutantsApplicationTestsContext.groovy] does not exist
02:33:04.600 [Test worker] INFO org.springframework.test.context.support.AbstractContextLoader - Could not detect default resource locations for test class [co.com.meli.mutants.MutantsApplicationTests]: no resource found for suffixes {-context.xml, Context.groovy}.
02:33:04.600 [Test worker] INFO org.springframework.test.context.support.AnnotationConfigContextLoaderUtils - Could not detect default configuration classes for test class [co.com.meli.mutants.MutantsApplicationTests]: MutantsApplicationTests does not declare any static, non-private, non-final, nested classes annotated with @Configuration.
02:33:04.630 [Test worker] DEBUG org.springframework.test.context.support.ActiveProfilesUtils - Could not find an 'annotation declaring class' for annotation type [org.springframework.test.context.ActiveProfiles] and class [co.com.meli.mutants.MutantsApplicationTests]
02:33:04.667 [Test worker] DEBUG org.springframework.context.annotation.ClassPathScanningCandidateComponentProvider - Identified candidate component class: file [C:\Users\USER\Documents\RETO MERCADO LIBRE\mutants\mutants\build\classes\java\main\co\com\meli\mutants\MutantsApplication.class]
02:33:04.668 [Test worker] INFO org.springframework.boot.test.context.SpringBootTestContextBootstrapper - Found @SpringBootConfiguration co.com.meli.mutants.MutantsApplication for test class co.com.meli.mutants.MutantsApplicationTests
02:33:04.734 [Test worker] DEBUG org.springframework.boot.test.context.SpringBootTestContextBootstrapper - @TestExecutionListeners is not present for class [co.com.meli.mutants.MutantsApplicationTests]: using defaults.
02:33:04.734 [Test worker] INFO org.springframework.boot.test.context.SpringBootTestContextBootstrapper - Loaded default TestExecutionListener class names from location [META-INF/spring.factories]: [org.springframework.boot.test.autoconfigure.restdocs.RestDocsTestExecutionListener, org.springframework.boot.test.autoconfigure.web.client.MockRestServiceServerResetTestExecutionListener, org.springframework.boot.test.autoconfigure.web.servlet.MockMvcPrintOnlyOnFailureTestExecutionListener, org.springframework.boot.test.autoconfigure.web.servlet.WebDriverTestExecutionListener, org.springframework.boot.test.autoconfigure.webservices.client.MockWebServiceServerTestExecutionListener, org.springframework.boot.test.mock.mockito.MockitoTestExecutionListener, org.springframework.boot.test.mock.mockito.ResetMocksTestExecutionListener, org.springframework.test.context.web.ServletTestExecutionListener, org.springframework.test.context.support.DirtiesContextBeforeModesTestExecutionListener, org.springframework.test.context.event.ApplicationEventsTestExecutionListener, org.springframework.test.context.support.DependencyInjectionTestExecutionListener, org.springframework.test.context.support.DirtiesContextTestExecutionListener, org.springframework.test.context.transaction.TransactionalTestExecutionListener, org.springframework.test.context.jdbc.SqlScriptsTestExecutionListener, org.springframework.test.context.event.EventPublishingTestExecutionListener]
02:33:04.739 [Test worker] DEBUG org.springframework.boot.test.context.SpringBootTestContextBootstrapper - Skipping candidate TestExecutionListener [org.springframework.test.context.web.ServletTestExecutionListener] due to a missing dependency. Specify custom listener classes or make the default listener classes and their required dependencies available. Offending class: [javax/servlet/ServletContext]
02:33:04.743 [Test worker] INFO org.springframework.boot.test.context.SpringBootTestContextBootstrapper - Using TestExecutionListeners: [org.springframework.test.context.support.DirtiesContextBeforeModesTestExecutionListener@438bad7c, org.springframework.test.context.event.ApplicationEventsTestExecutionListener@25230246, org.springframework.boot.test.mock.mockito.MockitoTestExecutionListener@4fdf8f12, org.springframework.boot.test.autoconfigure.SpringBootDependencyInjectionTestExecutionListener@4a8b5227, org.springframework.test.context.support.DirtiesContextTestExecutionListener@54f5f647, org.springframework.test.context.transaction.TransactionalTestExecutionListener@6979efad, org.springframework.test.context.jdbc.SqlScriptsTestExecutionListener@5a6d5a8f, org.springframework.test.context.event.EventPublishingTestExecutionListener@4a67318f, org.springframework.boot.test.autoconfigure.restdocs.RestDocsTestExecutionListener@315ba14a, org.springframework.boot.test.autoconfigure.web.client.MockRestServiceServerResetTestExecutionListener@17f9344b, org.springframework.boot.test.autoconfigure.web.servlet.MockMvcPrintOnlyOnFailureTestExecutionListener@27f0ad19, org.springframework.boot.test.autoconfigure.web.servlet.WebDriverTestExecutionListener@54e81b21, org.springframework.boot.test.autoconfigure.webservices.client.MockWebServiceServerTestExecutionListener@38d5b107, org.springframework.boot.test.mock.mockito.ResetMocksTestExecutionListener@6650813a]
02:33:04.745 [Test worker] DEBUG org.springframework.test.context.support.AbstractDirtiesContextTestExecutionListener - Before test class: context [DefaultTestContext@30272916 testClass = MutantsApplicationTests, testInstance = [null], testMethod = [null], testException = [null], mergedContextConfiguration = [ReactiveWebMergedContextConfiguration@5bb3d42d testClass = MutantsApplicationTests, locations = '{}', classes = '{class co.com.meli.mutants.MutantsApplication}', contextInitializerClasses = '[]', activeProfiles = '{}', propertySourceLocations = '{}', propertySourceProperties = '{org.springframework.boot.test.context.SpringBootTestContextBootstrapper=true}', contextCustomizers = set[org.springframework.boot.test.autoconfigure.actuate.metrics.MetricsExportContextCustomizerFactory$DisableMetricExportContextCustomizer@773cbf4f, org.springframework.boot.test.autoconfigure.properties.PropertyMappingContextCustomizer@0, org.springframework.boot.test.autoconfigure.web.servlet.WebDriverContextCustomizerFactory$Customizer@3ce3db41, org.springframework.boot.test.context.filter.ExcludeFilterContextCustomizer@e260766, org.springframework.boot.test.json.DuplicateJsonObjectContextCustomizerFactory$DuplicateJsonObjectContextCustomizer@4275c20c, org.springframework.boot.test.mock.mockito.MockitoContextCustomizer@0, org.springframework.boot.test.web.client.TestRestTemplateContextCustomizer@67389cb8, org.springframework.boot.test.web.reactive.server.WebTestClientContextCustomizer@346939bf, org.springframework.boot.test.context.SpringBootTestArgs@1, org.springframework.boot.test.context.SpringBootTestWebEnvironment@2d710f1a], contextLoader = 'org.springframework.boot.test.context.SpringBootContextLoader', parent = [null]], attributes = map[[empty]]], class annotated with @DirtiesContext [false] with mode [null].
02:33:04.749 [Test worker] DEBUG org.springframework.test.context.support.DependencyInjectionTestExecutionListener - Performing dependency injection for test context [[DefaultTestContext@30272916 testClass = MutantsApplicationTests, testInstance = co.com.meli.mutants.MutantsApplicationTests@232024b9, testMethod = [null], testException = [null], mergedContextConfiguration = [ReactiveWebMergedContextConfiguration@5bb3d42d testClass = MutantsApplicationTests, locations = '{}', classes = '{class co.com.meli.mutants.MutantsApplication}', contextInitializerClasses = '[]', activeProfiles = '{}', propertySourceLocations = '{}', propertySourceProperties = '{org.springframework.boot.test.context.SpringBootTestContextBootstrapper=true}', contextCustomizers = set[org.springframework.boot.test.autoconfigure.actuate.metrics.MetricsExportContextCustomizerFactory$DisableMetricExportContextCustomizer@773cbf4f, org.springframework.boot.test.autoconfigure.properties.PropertyMappingContextCustomizer@0, org.springframework.boot.test.autoconfigure.web.servlet.WebDriverContextCustomizerFactory$Customizer@3ce3db41, org.springframework.boot.test.context.filter.ExcludeFilterContextCustomizer@e260766, org.springframework.boot.test.json.DuplicateJsonObjectContextCustomizerFactory$DuplicateJsonObjectContextCustomizer@4275c20c, org.springframework.boot.test.mock.mockito.MockitoContextCustomizer@0, org.springframework.boot.test.web.client.TestRestTemplateContextCustomizer@67389cb8, org.springframework.boot.test.web.reactive.server.WebTestClientContextCustomizer@346939bf, org.springframework.boot.test.context.SpringBootTestArgs@1, org.springframework.boot.test.context.SpringBootTestWebEnvironment@2d710f1a], contextLoader = 'org.springframework.boot.test.context.SpringBootContextLoader', parent = [null]], attributes = map['org.springframework.test.context.event.ApplicationEventsTestExecutionListener.recordApplicationEvents' -> false]]].

  .   ____          _            __ _ _
 /\\ / ___'_ __ _ _(_)_ __  __ _ \ \ \ \
( ( )\___ | '_ | '_| | '_ \/ _` | \ \ \ \
 \\/  ___)| |_)| | | | | || (_| |  ) ) ) )
  '  |____| .__|_| |_|_| |_\__, | / / / /
 =========|_|==============|___/=/_/_/_/
 :: Spring Boot ::                (v2.6.7)

2022-06-16 02:33:04.990  INFO 11736 --- [    Test worker] c.c.m.mutants.MutantsApplicationTests    : Starting MutantsApplicationTests using Java 17.0.3 on SergioPC with PID 11736 (started by CHECHO in C:\Users\USER\Documents\RETO MERCADO LIBRE\mutants\mutants)
2022-06-16 02:33:04.991  INFO 11736 --- [    Test worker] c.c.m.mutants.MutantsApplicationTests    : No active profile set, falling back to 1 default profile: "default"
2022-06-16 02:33:05.325  INFO 11736 --- [    Test worker] .s.d.r.c.RepositoryConfigurationDelegate : Bootstrapping Spring Data Reactive MongoDB repositories in DEFAULT mode.
2022-06-16 02:33:05.438  INFO 11736 --- [    Test worker] .s.d.r.c.RepositoryConfigurationDelegate : Finished Spring Data repository scanning in 109 ms. Found 1 Reactive MongoDB repository interfaces.
2022-06-16 02:33:05.965  INFO 11736 --- [    Test worker] org.mongodb.driver.cluster               : Cluster created with settings {hosts=[127.0.0.1:27017], srvHost=chechomelimutant.3op4lwy.mongodb.net, mode=MULTIPLE, requiredClusterType=REPLICA_SET, serverSelectionTimeout='30000 ms', requiredReplicaSetName='atlas-12q9sj-shard-0'}
2022-06-16 02:33:06.024  INFO 11736 --- [lwy.mongodb.net] org.mongodb.driver.cluster               : Adding discovered server ac-sy1iaqd-shard-00-02.3op4lwy.mongodb.net:27017 to client view of cluster
2022-06-16 02:33:06.055  INFO 11736 --- [lwy.mongodb.net] org.mongodb.driver.cluster               : Adding discovered server ac-sy1iaqd-shard-00-01.3op4lwy.mongodb.net:27017 to client view of cluster
2022-06-16 02:33:06.056  INFO 11736 --- [lwy.mongodb.net] org.mongodb.driver.cluster               : Adding discovered server ac-sy1iaqd-shard-00-00.3op4lwy.mongodb.net:27017 to client view of cluster
2022-06-16 02:33:06.752  INFO 11736 --- [    Test worker] c.c.m.mutants.MutantsApplicationTests    : Started MutantsApplicationTests in 1.987 seconds (JVM running for 2.946)
2022-06-16 02:33:06.802  INFO 11736 --- [ngodb.net:27017] org.mongodb.driver.connection            : Opened connection [connectionId{localValue:2, serverValue:18584}] to ac-sy1iaqd-shard-00-02.3op4lwy.mongodb.net:27017
2022-06-16 02:33:06.802  INFO 11736 --- [ngodb.net:27017] org.mongodb.driver.connection            : Opened connection [connectionId{localValue:6, serverValue:17622}] to ac-sy1iaqd-shard-00-01.3op4lwy.mongodb.net:27017
2022-06-16 02:33:06.802  INFO 11736 --- [ngodb.net:27017] org.mongodb.driver.connection            : Opened connection [connectionId{localValue:4, serverValue:18557}] to ac-sy1iaqd-shard-00-00.3op4lwy.mongodb.net:27017
2022-06-16 02:33:06.802  INFO 11736 --- [ngodb.net:27017] org.mongodb.driver.connection            : Opened connection [connectionId{localValue:3, serverValue:18557}] to ac-sy1iaqd-shard-00-00.3op4lwy.mongodb.net:27017
2022-06-16 02:33:06.802  INFO 11736 --- [ngodb.net:27017] org.mongodb.driver.connection            : Opened connection [connectionId{localValue:5, serverValue:17622}] to ac-sy1iaqd-shard-00-01.3op4lwy.mongodb.net:27017
2022-06-16 02:33:06.802  INFO 11736 --- [ngodb.net:27017] org.mongodb.driver.connection            : Opened connection [connectionId{localValue:1, serverValue:18584}] to ac-sy1iaqd-shard-00-02.3op4lwy.mongodb.net:27017
2022-06-16 02:33:06.811  INFO 11736 --- [ngodb.net:27017] org.mongodb.driver.cluster               : Monitor thread successfully connected to server with description ServerDescription{address=ac-sy1iaqd-shard-00-01.3op4lwy.mongodb.net:27017, type=REPLICA_SET_SECONDARY, state=CONNECTED, ok=true, minWireVersion=0, maxWireVersion=13, maxDocumentSize=16777216, logicalSessionTimeoutMinutes=30, roundTripTimeNanos=373387600, setName='atlas-12q9sj-shard-0', canonicalAddress=ac-sy1iaqd-shard-00-01.3op4lwy.mongodb.net:27017, hosts=[ac-sy1iaqd-shard-00-02.3op4lwy.mongodb.net:27017, ac-sy1iaqd-shard-00-00.3op4lwy.mongodb.net:27017, ac-sy1iaqd-shard-00-01.3op4lwy.mongodb.net:27017], passives=[], arbiters=[], primary='ac-sy1iaqd-shard-00-02.3op4lwy.mongodb.net:27017', tagSet=TagSet{[Tag{name='nodeType', value='ELECTABLE'}, Tag{name='provider', value='AWS'}, Tag{name='region', value='US_EAST_1'}, Tag{name='workloadType', value='OPERATIONAL'}]}, electionId=null, setVersion=11, topologyVersion=TopologyVersion{processId=62aa13c2a3d3e4091a4274bc, counter=3}, lastWriteDate=Thu Jun 16 02:33:09 COT 2022, lastUpdateTimeNanos=11716486134700}
2022-06-16 02:33:06.811  INFO 11736 --- [ngodb.net:27017] org.mongodb.driver.cluster               : Monitor thread successfully connected to server with description ServerDescription{address=ac-sy1iaqd-shard-00-02.3op4lwy.mongodb.net:27017, type=REPLICA_SET_PRIMARY, state=CONNECTED, ok=true, minWireVersion=0, maxWireVersion=13, maxDocumentSize=16777216, logicalSessionTimeoutMinutes=30, roundTripTimeNanos=378290500, setName='atlas-12q9sj-shard-0', canonicalAddress=ac-sy1iaqd-shard-00-02.3op4lwy.mongodb.net:27017, hosts=[ac-sy1iaqd-shard-00-02.3op4lwy.mongodb.net:27017, ac-sy1iaqd-shard-00-00.3op4lwy.mongodb.net:27017, ac-sy1iaqd-shard-00-01.3op4lwy.mongodb.net:27017], passives=[], arbiters=[], primary='ac-sy1iaqd-shard-00-02.3op4lwy.mongodb.net:27017', tagSet=TagSet{[Tag{name='nodeType', value='ELECTABLE'}, Tag{name='provider', value='AWS'}, Tag{name='region', value='US_EAST_1'}, Tag{name='workloadType', value='OPERATIONAL'}]}, electionId=7fffffff0000000000000085, setVersion=11, topologyVersion=TopologyVersion{processId=62aa12642e95763dbeaff155, counter=6}, lastWriteDate=Thu Jun 16 02:33:09 COT 2022, lastUpdateTimeNanos=11716486046000}
2022-06-16 02:33:06.811  INFO 11736 --- [ngodb.net:27017] org.mongodb.driver.cluster               : Monitor thread successfully connected to server with description ServerDescription{address=ac-sy1iaqd-shard-00-00.3op4lwy.mongodb.net:27017, type=REPLICA_SET_SECONDARY, state=CONNECTED, ok=true, minWireVersion=0, maxWireVersion=13, maxDocumentSize=16777216, logicalSessionTimeoutMinutes=30, roundTripTimeNanos=379994600, setName='atlas-12q9sj-shard-0', canonicalAddress=ac-sy1iaqd-shard-00-00.3op4lwy.mongodb.net:27017, hosts=[ac-sy1iaqd-shard-00-02.3op4lwy.mongodb.net:27017, ac-sy1iaqd-shard-00-00.3op4lwy.mongodb.net:27017, ac-sy1iaqd-shard-00-01.3op4lwy.mongodb.net:27017], passives=[], arbiters=[], primary='ac-sy1iaqd-shard-00-02.3op4lwy.mongodb.net:27017', tagSet=TagSet{[Tag{name='nodeType', value='ELECTABLE'}, Tag{name='provider', value='AWS'}, Tag{name='region', value='US_EAST_1'}, Tag{name='workloadType', value='OPERATIONAL'}]}, electionId=null, setVersion=11, topologyVersion=TopologyVersion{processId=62aa112bcca7fe935ad84360, counter=4}, lastWriteDate=Thu Jun 16 02:33:09 COT 2022, lastUpdateTimeNanos=11716486046100}
2022-06-16 02:33:06.814  INFO 11736 --- [ngodb.net:27017] org.mongodb.driver.cluster               : Setting max election id to 7fffffff0000000000000085 from replica set primary ac-sy1iaqd-shard-00-02.3op4lwy.mongodb.net:27017
2022-06-16 02:33:06.815  INFO 11736 --- [ngodb.net:27017] org.mongodb.driver.cluster               : Setting max set version to 11 from replica set primary ac-sy1iaqd-shard-00-02.3op4lwy.mongodb.net:27017
2022-06-16 02:33:06.815  INFO 11736 --- [ngodb.net:27017] org.mongodb.driver.cluster               : Discovered replica set primary ac-sy1iaqd-shard-00-02.3op4lwy.mongodb.net:27017
]]></system-out>
  <system-err><![CDATA[]]></system-err>
</testsuite>
